<?xml version="1.0" encoding="UTF-8"?>
<testsuite xmlns:xsi="http://www.w3.org/2001/XMLSchema-instance" xsi:noNamespaceSchemaLocation="https://maven.apache.org/surefire/maven-surefire-plugin/xsd/surefire-test-report-3.0.xsd" version="3.0" name="TestSuite" time="6.852" tests="28" errors="0" skipped="0" failures="3">
  <properties>
    <property name="awt.toolkit" value="sun.lwawt.macosx.LWCToolkit"/>
    <property name="java.specification.version" value="12"/>
    <property name="sun.jnu.encoding" value="UTF-8"/>
    <property name="java.class.path" value="/Users/aleksandar.coha/IdeaProjects/cocktaildb/target/test-classes:/Users/aleksandar.coha/IdeaProjects/cocktaildb/target/classes:/Users/aleksandar.coha/.m2/repository/com/squareup/retrofit2/retrofit/2.5.0/retrofit-2.5.0.jar:/Users/aleksandar.coha/.m2/repository/com/squareup/okhttp3/okhttp/3.12.0/okhttp-3.12.0.jar:/Users/aleksandar.coha/.m2/repository/com/squareup/okio/okio/1.15.0/okio-1.15.0.jar:/Users/aleksandar.coha/.m2/repository/com/squareup/retrofit2/converter-jackson/2.5.0/converter-jackson-2.5.0.jar:/Users/aleksandar.coha/.m2/repository/com/fasterxml/jackson/core/jackson-databind/2.9.4/jackson-databind-2.9.4.jar:/Users/aleksandar.coha/.m2/repository/org/testng/testng/6.14.3/testng-6.14.3.jar:/Users/aleksandar.coha/.m2/repository/com/beust/jcommander/1.72/jcommander-1.72.jar:/Users/aleksandar.coha/.m2/repository/org/apache-extras/beanshell/bsh/2.0b6/bsh-2.0b6.jar:/Users/aleksandar.coha/.m2/repository/org/projectlombok/lombok/1.18.8/lombok-1.18.8.jar:/Users/aleksandar.coha/.m2/repository/com/fasterxml/jackson/dataformat/jackson-dataformat-xml/2.9.4/jackson-dataformat-xml-2.9.4.jar:/Users/aleksandar.coha/.m2/repository/com/fasterxml/jackson/core/jackson-core/2.9.4/jackson-core-2.9.4.jar:/Users/aleksandar.coha/.m2/repository/com/fasterxml/jackson/core/jackson-annotations/2.9.0/jackson-annotations-2.9.0.jar:/Users/aleksandar.coha/.m2/repository/com/fasterxml/jackson/module/jackson-module-jaxb-annotations/2.9.4/jackson-module-jaxb-annotations-2.9.4.jar:/Users/aleksandar.coha/.m2/repository/org/codehaus/woodstox/stax2-api/3.1.4/stax2-api-3.1.4.jar:/Users/aleksandar.coha/.m2/repository/com/fasterxml/woodstox/woodstox-core/5.0.3/woodstox-core-5.0.3.jar:/Users/aleksandar.coha/.m2/repository/org/apache/logging/log4j/log4j-api/2.9.1/log4j-api-2.9.1.jar:/Users/aleksandar.coha/.m2/repository/org/apache/logging/log4j/log4j-core/2.9.1/log4j-core-2.9.1.jar:"/>
    <property name="java.vm.vendor" value="Oracle Corporation"/>
    <property name="sun.arch.data.model" value="64"/>
    <property name="java.vendor.url" value="https://java.oracle.com/"/>
    <property name="configurationFile" value="src/test/resources/EnvConfigurationFile.json"/>
    <property name="os.name" value="Mac OS X"/>
    <property name="java.vm.specification.version" value="12"/>
    <property name="sun.java.launcher" value="SUN_STANDARD"/>
    <property name="user.country" value="RS"/>
    <property name="suiteName" value="api"/>
    <property name="sun.boot.library.path" value="/Library/Java/JavaVirtualMachines/openjdk-12.0.1.jdk/Contents/Home/lib"/>
    <property name="sun.java.command" value="/Users/aleksandar.coha/IdeaProjects/cocktaildb/target/surefire/surefirebooter9517275947788437622.jar /Users/aleksandar.coha/IdeaProjects/cocktaildb/target/surefire 2019-11-26T15-45-38_022-jvmRun1 surefire9303340762977643431tmp surefire_014750199310791699129tmp"/>
    <property name="http.nonProxyHosts" value="local|*.local|169.254/16|*.169.254/16"/>
    <property name="jdk.debug" value="release"/>
    <property name="surefire.test.class.path" value="/Users/aleksandar.coha/IdeaProjects/cocktaildb/target/test-classes:/Users/aleksandar.coha/IdeaProjects/cocktaildb/target/classes:/Users/aleksandar.coha/.m2/repository/com/squareup/retrofit2/retrofit/2.5.0/retrofit-2.5.0.jar:/Users/aleksandar.coha/.m2/repository/com/squareup/okhttp3/okhttp/3.12.0/okhttp-3.12.0.jar:/Users/aleksandar.coha/.m2/repository/com/squareup/okio/okio/1.15.0/okio-1.15.0.jar:/Users/aleksandar.coha/.m2/repository/com/squareup/retrofit2/converter-jackson/2.5.0/converter-jackson-2.5.0.jar:/Users/aleksandar.coha/.m2/repository/com/fasterxml/jackson/core/jackson-databind/2.9.4/jackson-databind-2.9.4.jar:/Users/aleksandar.coha/.m2/repository/org/testng/testng/6.14.3/testng-6.14.3.jar:/Users/aleksandar.coha/.m2/repository/com/beust/jcommander/1.72/jcommander-1.72.jar:/Users/aleksandar.coha/.m2/repository/org/apache-extras/beanshell/bsh/2.0b6/bsh-2.0b6.jar:/Users/aleksandar.coha/.m2/repository/org/projectlombok/lombok/1.18.8/lombok-1.18.8.jar:/Users/aleksandar.coha/.m2/repository/com/fasterxml/jackson/dataformat/jackson-dataformat-xml/2.9.4/jackson-dataformat-xml-2.9.4.jar:/Users/aleksandar.coha/.m2/repository/com/fasterxml/jackson/core/jackson-core/2.9.4/jackson-core-2.9.4.jar:/Users/aleksandar.coha/.m2/repository/com/fasterxml/jackson/core/jackson-annotations/2.9.0/jackson-annotations-2.9.0.jar:/Users/aleksandar.coha/.m2/repository/com/fasterxml/jackson/module/jackson-module-jaxb-annotations/2.9.4/jackson-module-jaxb-annotations-2.9.4.jar:/Users/aleksandar.coha/.m2/repository/org/codehaus/woodstox/stax2-api/3.1.4/stax2-api-3.1.4.jar:/Users/aleksandar.coha/.m2/repository/com/fasterxml/woodstox/woodstox-core/5.0.3/woodstox-core-5.0.3.jar:/Users/aleksandar.coha/.m2/repository/org/apache/logging/log4j/log4j-api/2.9.1/log4j-api-2.9.1.jar:/Users/aleksandar.coha/.m2/repository/org/apache/logging/log4j/log4j-core/2.9.1/log4j-core-2.9.1.jar:"/>
    <property name="sun.cpu.endian" value="little"/>
    <property name="user.home" value="/Users/aleksandar.coha"/>
    <property name="user.language" value="en"/>
    <property name="java.specification.vendor" value="Oracle Corporation"/>
    <property name="java.version.date" value="2019-04-16"/>
    <property name="java.home" value="/Library/Java/JavaVirtualMachines/openjdk-12.0.1.jdk/Contents/Home"/>
    <property name="file.separator" value="/"/>
    <property name="basedir" value="/Users/aleksandar.coha/IdeaProjects/cocktaildb"/>
    <property name="java.vm.compressedOopsMode" value="Zero based"/>
    <property name="line.separator" value="&#10;"/>
    <property name="java.vm.specification.vendor" value="Oracle Corporation"/>
    <property name="java.specification.name" value="Java Platform API Specification"/>
    <property name="java.awt.graphicsenv" value="sun.awt.CGraphicsEnvironment"/>
    <property name="surefire.real.class.path" value="/Users/aleksandar.coha/IdeaProjects/cocktaildb/target/surefire/surefirebooter9517275947788437622.jar"/>
    <property name="sun.management.compiler" value="HotSpot 64-Bit Tiered Compilers"/>
    <property name="ftp.nonProxyHosts" value="local|*.local|169.254/16|*.169.254/16"/>
    <property name="java.runtime.version" value="12.0.1+12"/>
    <property name="user.name" value="aleksandar.coha"/>
    <property name="path.separator" value=":"/>
    <property name="os.version" value="10.14.6"/>
    <property name="java.runtime.name" value="OpenJDK Runtime Environment"/>
    <property name="file.encoding" value="UTF-8"/>
    <property name="java.vm.name" value="OpenJDK 64-Bit Server VM"/>
    <property name="localRepository" value="/Users/aleksandar.coha/.m2/repository"/>
    <property name="java.vendor.url.bug" value="https://bugreport.java.com/bugreport/"/>
    <property name="java.io.tmpdir" value="/var/folders/78/g483gg6j6bgbdzv1rq4z0hfc0000gn/T/"/>
    <property name="java.version" value="12.0.1"/>
    <property name="user.dir" value="/Users/aleksandar.coha/IdeaProjects/cocktaildb"/>
    <property name="os.arch" value="x86_64"/>
    <property name="java.vm.specification.name" value="Java Virtual Machine Specification"/>
    <property name="env" value="prod"/>
    <property name="java.library.path" value="/Users/aleksandar.coha/Library/Java/Extensions:/Library/Java/Extensions:/Network/Library/Java/Extensions:/System/Library/Java/Extensions:/usr/lib/java:."/>
    <property name="java.vm.info" value="mixed mode, sharing"/>
    <property name="java.vendor" value="Oracle Corporation"/>
    <property name="java.vm.version" value="12.0.1+12"/>
    <property name="sun.io.unicode.encoding" value="UnicodeBig"/>
    <property name="socksNonProxyHosts" value="local|*.local|169.254/16|*.169.254/16"/>
    <property name="java.class.version" value="56.0"/>
    <property name="maven.test.failure.ignore" value="true"/>
    <property name="environment.configuration.file" value="src/test/resources/EnvConfigurationFile.json"/>
  </properties>
  <testcase name="checkGermanInstructionsTest" classname="com.cocktaildb.CocktaildbTests" time="0.444">
    <failure message="The following asserts failed:&#10;	A. J. does not have german instructions expected object to not be null,&#10;	Orgasm does not have german instructions expected object to not be null" type="java.lang.AssertionError">java.lang.AssertionError: 
The following asserts failed:
	A. J. does not have german instructions expected object to not be null,
	Orgasm does not have german instructions expected object to not be null
	at com.cocktaildb.CocktaildbTests.checkGermanInstructionsTest(CocktaildbTests.java:56)
</failure>
    <system-out><![CDATA[...
... TestNG 6.14.3 by CÃ©dric Beust (cedric@beust.com)
...

[2019-11-26 15:45:44,110] [main] INFO (ConfigurationLoader.java:23) - Trying to open file: src/test/resources/EnvConfigurationFile.json
[2019-11-26 15:45:44,336] [TestNG-test=Api Tests-1] INFO (CocktaidbApiHelper.java:89) - Sending RQ to: https://www.thecocktaildb.com/api/json/v1/1/
]]></system-out>
  </testcase>
  <testcase name="checkGermanInstructionsTestDP" classname="com.cocktaildb.CocktaildbTests" time="0"/>
  <testcase name="checkGermanInstructionsTestDP" classname="com.cocktaildb.CocktaildbTests" time="0"/>
  <testcase name="checkGermanInstructionsTestDP" classname="com.cocktaildb.CocktaildbTests" time="0.001"/>
  <testcase name="checkGermanInstructionsTestDP" classname="com.cocktaildb.CocktaildbTests" time="0"/>
  <testcase name="checkGermanInstructionsTestDP" classname="com.cocktaildb.CocktaildbTests" time="0"/>
  <testcase name="checkGermanInstructionsTestDP" classname="com.cocktaildb.CocktaildbTests" time="0"/>
  <testcase name="checkGermanInstructionsTestDP" classname="com.cocktaildb.CocktaildbTests" time="0.001"/>
  <testcase name="checkGermanInstructionsTestDP" classname="com.cocktaildb.CocktaildbTests" time="0"/>
  <testcase name="checkGermanInstructionsTestDP" classname="com.cocktaildb.CocktaildbTests" time="0"/>
  <testcase name="checkGermanInstructionsTestDP" classname="com.cocktaildb.CocktaildbTests" time="0"/>
  <testcase name="checkGermanInstructionsTestDP" classname="com.cocktaildb.CocktaildbTests" time="0"/>
  <testcase name="checkGermanInstructionsTestDP" classname="com.cocktaildb.CocktaildbTests" time="0"/>
  <testcase name="checkGermanInstructionsTestDP" classname="com.cocktaildb.CocktaildbTests" time="0"/>
  <testcase name="checkGermanInstructionsTestDP" classname="com.cocktaildb.CocktaildbTests" time="0"/>
  <testcase name="checkGermanInstructionsTestDP" classname="com.cocktaildb.CocktaildbTests" time="0"/>
  <testcase name="checkGermanInstructionsTestDP" classname="com.cocktaildb.CocktaildbTests" time="0.002">
    <failure message="The following asserts failed:&#10;	A. J. does not have german instructions expected object to not be null" type="java.lang.AssertionError">java.lang.AssertionError: 
The following asserts failed:
	A. J. does not have german instructions expected object to not be null
	at com.cocktaildb.CocktaildbTests.checkGermanInstructionsTestDP(CocktaildbTests.java:69)
</failure>
  </testcase>
  <testcase name="checkGermanInstructionsTestDP" classname="com.cocktaildb.CocktaildbTests" time="0"/>
  <testcase name="checkGermanInstructionsTestDP" classname="com.cocktaildb.CocktaildbTests" time="0"/>
  <testcase name="checkGermanInstructionsTestDP" classname="com.cocktaildb.CocktaildbTests" time="0"/>
  <testcase name="checkGermanInstructionsTestDP" classname="com.cocktaildb.CocktaildbTests" time="0"/>
  <testcase name="checkGermanInstructionsTestDP" classname="com.cocktaildb.CocktaildbTests" time="0.001"/>
  <testcase name="checkGermanInstructionsTestDP" classname="com.cocktaildb.CocktaildbTests" time="0"/>
  <testcase name="checkGermanInstructionsTestDP" classname="com.cocktaildb.CocktaildbTests" time="0"/>
  <testcase name="checkGermanInstructionsTestDP" classname="com.cocktaildb.CocktaildbTests" time="0"/>
  <testcase name="checkGermanInstructionsTestDP" classname="com.cocktaildb.CocktaildbTests" time="0.001">
    <failure message="The following asserts failed:&#10;	Orgasm does not have german instructions expected object to not be null" type="java.lang.AssertionError">java.lang.AssertionError: 
The following asserts failed:
	Orgasm does not have german instructions expected object to not be null
	at com.cocktaildb.CocktaildbTests.checkGermanInstructionsTestDP(CocktaildbTests.java:69)
</failure>
  </testcase>
  <testcase name="searchDrinkById" classname="com.cocktaildb.CocktaildbTests" time="0.148"/>
  <testcase name="searchDrinkByNameTest" classname="com.cocktaildb.CocktaildbTests" time="0.111"/>
</testsuite>